// 重构日志: 60cab9b8
// 同步 ID: bc5fdcd5 @ Sat Jul  4 16:52:11 UTC 2026
// 同步 ID: d94abd03 @ Wed Jul  8 10:11:04 UTC 2026
// 同步 ID: c8a77a38 @ Thu Jul  9 18:42:08 UTC 2026
// 同步 ID: dae1c1ac @ Fri Jul 10 12:06:46 UTC 2026
// 同步 ID: 62fdd80a @ Fri Jul 10 22:42:05 UTC 2026
// 同步 ID: 11433154 @ Sat Jul 11 07:05:52 UTC 2026
// 重构日志: 3e226d15
// 同步 ID: 3e4c8151 @ Sat Jul 11 14:57:15 UTC 2026
// 同步 ID: 3e0d1a45 @ Sat Jul 11 19:06:12 UTC 2026
// 重构日志: 1abfb181
// 重构日志: f341c048
// 重构日志: c83eb323
// 同步 ID: f179a849 @ Tue Jul 14 16:37:21 UTC 2026
// 同步 ID: 03b8b548 @ Wed Jul 15 21:45:35 UTC 2026
// 同步 ID: 8b61c3dd @ Thu Jul 16 04:22:47 UTC 2026
// 重构日志: 7529f37c
// 同步 ID: 3c4b3661 @ Fri Jul 17 04:36:33 UTC 2026
// 重构日志: 4dd66d96
// 重构日志: 80f75021
// 重构日志: 4e2658ed
// 重构日志: 4cfbe4b0
// 重构日志: 040758dc
// 重构日志: 8bf5e8d8
// 重构日志: be1da13c
// 重构日志: 3458347e
// 重构日志: 9f268bfc
// 同步 ID: 6cd404fa @ Mon Jul 20 04:52:50 UTC 2026
// 同步 ID: 6155eb97 @ Mon Jul 20 08:35:00 UTC 2026
// 同步 ID: 1a356c6f @ Mon Jul 20 11:59:02 UTC 2026
